#
# There is insufficient memory for the Java Runtime Environment to continue.
# Native memory allocation (malloc) failed to allocate 72016 bytes for Chunk::new
# Possible reasons:
#   The system is out of physical RAM or swap space
#   In 32 bit mode, the process size limit was hit
# Possible solutions:
#   Reduce memory load on the system
#   Increase physical memory or swap space
#   Check if swap backing store is full
#   Use 64 bit Java on a 64 bit OS
#   Decrease Java heap size (-Xmx/-Xms)
#   Decrease number of Java threads
#   Decrease Java thread stack sizes (-Xss)
#   Set larger code cache with -XX:ReservedCodeCacheSize=
# This output file may be truncated or incomplete.
#
#  Out of Memory Error (allocation.cpp:390), pid=15000, tid=15820
#
# JRE version: Java(TM) SE Runtime Environment (8.0_91-b14) (build 1.8.0_91-b14)
# Java VM: Java HotSpot(TM) 64-Bit Server VM (25.91-b14 mixed mode windows-amd64 compressed oops)
# Failed to write core dump. Minidumps are not enabled by default on client versions of Windows
#

---------------  T H R E A D  ---------------

Current thread (0x0000000019a6c000):  JavaThread "C2 CompilerThread1" daemon [_thread_in_native, id=15820, stack(0x000000001ad50000,0x000000001ae50000)]

Stack: [0x000000001ad50000,0x000000001ae50000]
[error occurred during error reporting (printing stack bounds), id 0xc0000005]

Native frames: (J=compiled Java code, j=interpreted, Vv=VM code, C=native code)


Current CompileTask:
C2: 266727 4047 %     4       java.util.Properties$LineReader::readLine @ 21 (468 bytes)


---------------  P R O C E S S  ---------------

Java Threads: ( => current thread )
  0x0000000021514000 JavaThread "Framework stop" [_thread_blocked, id=13960, stack(0x00000000237f0000,0x00000000238f0000)]
  0x0000000021513000 JavaThread "pool-1-thread-1" [_thread_in_native, id=15972, stack(0x00000000233f0000,0x00000000234f0000)]
  0x0000000021510000 JavaThread "Bundle File Closer" daemon [_thread_blocked, id=15976, stack(0x00000000221d0000,0x00000000222d0000)]
  0x0000000021512800 JavaThread "pool-2-thread-1" [_thread_blocked, id=15980, stack(0x00000000220d0000,0x00000000221d0000)]
  0x000000001c205000 JavaThread "Worker-2" [_thread_blocked, id=15812, stack(0x000000001d9d0000,0x000000001dad0000)]
  0x000000001c3f9000 JavaThread "Java indexing" daemon [_thread_blocked, id=15788, stack(0x000000001d7d0000,0x000000001d8d0000)]
  0x000000001bdb0800 JavaThread "Worker-0" [_thread_blocked, id=15776, stack(0x000000001d4d0000,0x000000001d5d0000)]
  0x000000001b649000 JavaThread "Worker-JM" [_thread_blocked, id=14652, stack(0x000000001cfd0000,0x000000001d0d0000)]
  0x000000001b730000 JavaThread "Start Level: Equinox Container: cbc2149a-ea57-446f-9539-0ecd72dcdbde" daemon [_thread_blocked, id=15832, stack(0x000000001ccd0000,0x000000001cdd0000)]
  0x000000001b81b000 JavaThread "Framework Event Dispatcher: Equinox Container: cbc2149a-ea57-446f-9539-0ecd72dcdbde" daemon [_thread_blocked, id=15896, stack(0x000000001cbd0000,0x000000001ccd0000)]
  0x000000001b92d800 JavaThread "Active Thread: Equinox Container: cbc2149a-ea57-446f-9539-0ecd72dcdbde" [_thread_blocked, id=15900, stack(0x000000001cad0000,0x000000001cbd0000)]
  0x0000000019afc000 JavaThread "Service Thread" daemon [_thread_blocked, id=15904, stack(0x000000001b050000,0x000000001b150000)]
  0x0000000019a7c800 JavaThread "C1 CompilerThread3" daemon [_thread_blocked, id=15708, stack(0x000000001af50000,0x000000001b050000)]
  0x0000000019a72000 JavaThread "C2 CompilerThread2" daemon [_thread_blocked, id=15816, stack(0x000000001ae50000,0x000000001af50000)]
=>0x0000000019a6c000 JavaThread "C2 CompilerThread1" daemon [_thread_in_native, id=15820, stack(0x000000001ad50000,0x000000001ae50000)]
  0x0000000019a6b800 JavaThread "C2 CompilerThread0" daemon [_thread_blocked, id=15868, stack(0x000000001ab50000,0x000000001ac50000)]
  0x0000000019a6a800 JavaThread "Attach Listener" daemon [_thread_blocked, id=15844, stack(0x000000001aa50000,0x000000001ab50000)]
  0x0000000019a5e000 JavaThread "Signal Dispatcher" daemon [_thread_blocked, id=15852, stack(0x000000001a950000,0x000000001aa50000)]
  0x0000000019a5d800 JavaThread "Surrogate Locker Thread (Concurrent GC)" daemon [_thread_blocked, id=15856, stack(0x000000001a850000,0x000000001a950000)]
  0x00000000199e5800 JavaThread "Finalizer" daemon [_thread_blocked, id=15860, stack(0x000000001a6f0000,0x000000001a7f0000)]
  0x00000000199df800 JavaThread "Reference Handler" daemon [_thread_blocked, id=15872, stack(0x000000001a5f0000,0x000000001a6f0000)]
  0x0000000002f5e000 JavaThread "main" [_thread_blocked, id=15756, stack(0x0000000003300000,0x0000000003400000)]

Other Threads:
  0x00000000199da000 VMThread [stack: 0x000000001a4f0000,0x000000001a5f0000] [id=15876]
  0x0000000019b6e000 WatcherThread [stack: 0x000000001b150000,0x000000001b250000] [id=15908]

VM state:not at safepoint (normal execution)

VM Mutex/Monitor currently owned by a thread: None

Heap:
 garbage-first heap   total 129024K, used 67584K [0x00000000c0000000, 0x00000000c01003f0, 0x0000000100000000)
  region size 1024K, 41 young (41984K), 10 survivors (10240K)
 Metaspace       used 37428K, capacity 39934K, committed 40192K, reserved 1085440K
  class space    used 4111K, capacity 4839K, committed 4864K, reserved 1048576K

Heap Regions: (Y=young(eden), SU=young(survivor), HS=humongous(starts), HC=humongous(continues), CS=collection set, F=free, TS=gc time stamp, PTAMS=previous top-at-mark-start, NTAMS=next top-at-mark-start)
AC   0  O    TS     0 PTAMS 0x00000000c0100000 NTAMS 0x00000000c0100000 space 1024K, 100% used [0x00000000c0000000, 0x00000000c0100000)
AC   0  O    TS     0 PTAMS 0x00000000c0200000 NTAMS 0x00000000c0200000 space 1024K, 100% used [0x00000000c0100000, 0x00000000c0200000)
AC   0  O    TS     0 PTAMS 0x00000000c0300000 NTAMS 0x00000000c0300000 space 1024K, 100% used [0x00000000c0200000, 0x00000000c0300000)
AC   0  O    TS     0 PTAMS 0x00000000c0400000 NTAMS 0x00000000c0400000 space 1024K, 100% used [0x00000000c0300000, 0x00000000c0400000)
AC   0  O    TS     0 PTAMS 0x00000000c0500000 NTAMS 0x00000000c0500000 space 1024K, 100% used [0x00000000c0400000, 0x00000000c0500000)
AC   0  O    TS     0 PTAMS 0x00000000c0600000 NTAMS 0x00000000c0600000 space 1024K, 100% used [0x00000000c0500000, 0x00000000c0600000)
AC   0  O    TS     0 PTAMS 0x00000000c0700000 NTAMS 0x00000000c0700000 space 1024K, 100% used [0x00000000c0600000, 0x00000000c0700000)
AC   0  O    TS     0 PTAMS 0x00000000c0800000 NTAMS 0x00000000c0800000 space 1024K, 100% used [0x00000000c0700000, 0x00000000c0800000)
AC   0  O    TS     0 PTAMS 0x00000000c0900000 NTAMS 0x00000000c0900000 space 1024K, 100% used [0x00000000c0800000, 0x00000000c0900000)
AC   0  O    TS     0 PTAMS 0x00000000c0a00000 NTAMS 0x00000000c0a00000 space 1024K, 100% used [0x00000000c0900000, 0x00000000c0a00000)
AC   0  O    TS     0 PTAMS 0x00000000c0b00000 NTAMS 0x00000000c0b00000 space 1024K, 100% used [0x00000000c0a00000, 0x00000000c0b00000)
AC   0  O    TS     0 PTAMS 0x00000000c0c00000 NTAMS 0x00000000c0c00000 space 1024K, 100% used [0x00000000c0b00000, 0x00000000c0c00000)
AC   0  O    TS     0 PTAMS 0x00000000c0d00000 NTAMS 0x00000000c0d00000 space 1024K, 100% used [0x00000000c0c00000, 0x00000000c0d00000)
AC   0  O    TS     0 PTAMS 0x00000000c0e00000 NTAMS 0x00000000c0e00000 space 1024K, 100% used [0x00000000c0d00000, 0x00000000c0e00000)
AC   0  O    TS     1 PTAMS 0x00000000c0e90000 NTAMS 0x00000000c0e90000 space 1024K, 100% used [0x00000000c0e00000, 0x00000000c0f00000)
AC   0  O    TS     1 PTAMS 0x00000000c0f00000 NTAMS 0x00000000c0f00000 space 1024K, 100% used [0x00000000c0f00000, 0x00000000c1000000)
AC   0  O    TS     1 PTAMS 0x00000000c1000000 NTAMS 0x00000000c1000000 space 1024K, 100% used [0x00000000c1000000, 0x00000000c1100000)
AC   0  O    TS     1 PTAMS 0x00000000c1100000 NTAMS 0x00000000c1100000 space 1024K, 100% used [0x00000000c1100000, 0x00000000c1200000)
AC   0  O    TS     1 PTAMS 0x00000000c1200000 NTAMS 0x00000000c1200000 space 1024K, 100% used [0x00000000c1200000, 0x00000000c1300000)
AC   0  O    TS     1 PTAMS 0x00000000c1300000 NTAMS 0x00000000c1300000 space 1024K, 100% used [0x00000000c1300000, 0x00000000c1400000)
AC   0  O    TS     1 PTAMS 0x00000000c1400000 NTAMS 0x00000000c1400000 space 1024K, 100% used [0x00000000c1400000, 0x00000000c1500000)
AC   0  O    TS     1 PTAMS 0x00000000c1500000 NTAMS 0x00000000c1500000 space 1024K, 100% used [0x00000000c1500000, 0x00000000c1600000)
AC   0  O    TS     1 PTAMS 0x00000000c1600000 NTAMS 0x00000000c1600000 space 1024K, 100% used [0x00000000c1600000, 0x00000000c1700000)
AC   0  O    TS     1 PTAMS 0x00000000c1700000 NTAMS 0x00000000c1700000 space 1024K, 100% used [0x00000000c1700000, 0x00000000c1800000)
AC   0  O    TS     1 PTAMS 0x00000000c1800000 NTAMS 0x00000000c1800000 space 1024K, 100% used [0x00000000c1800000, 0x00000000c1900000)
AC   0  O    TS     1 PTAMS 0x00000000c1900000 NTAMS 0x00000000c1900000 space 1024K, 100% used [0x00000000c1900000, 0x00000000c1a00000)
AC   0  F    TS     0 PTAMS 0x00000000c1a00000 NTAMS 0x00000000c1a00000 space 1024K,   0% used [0x00000000c1a00000, 0x00000000c1b00000)
AC   0  F    TS     0 PTAMS 0x00000000c1b00000 NTAMS 0x00000000c1b00000 space 1024K,   0% used [0x00000000c1b00000, 0x00000000c1c00000)
AC   0  F    TS     0 PTAMS 0x00000000c1c00000 NTAMS 0x00000000c1c00000 space 1024K,   0% used [0x00000000c1c00000, 0x00000000c1d00000)
AC   0  F    TS     0 PTAMS 0x00000000c1d00000 NTAMS 0x00000000c1d00000 space 1024K,   0% used [0x00000000c1d00000, 0x00000000c1e00000)
AC   0  F    TS     0 PTAMS 0x00000000c1e00000 NTAMS 0x00000000c1e00000 space 1024K,   0% used [0x00000000c1e00000, 0x00000000c1f00000)
AC   0  F    TS     0 PTAMS 0x00000000c1f00000 NTAMS 0x00000000c1f00000 space 1024K,   0% used [0x00000000c1f00000, 0x00000000c2000000)
AC   0  F    TS     0 PTAMS 0x00000000c2000000 NTAMS 0x00000000c2000000 space 1024K,   0% used [0x00000000c2000000, 0x00000000c2100000)
AC   0  F    TS     0 PTAMS 0x00000000c2100000 NTAMS 0x00000000c2100000 space 1024K,   0% used [0x00000000c2100000, 0x00000000c2200000)
AC   0  F    TS     0 PTAMS 0x00000000c2200000 NTAMS 0x00000000c2200000 space 1024K,   0% used [0x00000000c2200000, 0x00000000c2300000)
AC   0  F    TS     0 PTAMS 0x00000000c2300000 NTAMS 0x00000000c2300000 space 1024K,   0% used [0x00000000c2300000, 0x00000000c2400000)
AC   0  F    TS     0 PTAMS 0x00000000c2400000 NTAMS 0x00000000c2400000 space 1024K,   0% used [0x00000000c2400000, 0x00000000c2500000)
AC   0  F    TS     0 PTAMS 0x00000000c2500000 NTAMS 0x00000000c2500000 space 1024K,   0% used [0x00000000c2500000, 0x00000000c2600000)
AC   0  F    TS     0 PTAMS 0x00000000c2600000 NTAMS 0x00000000c2600000 space 1024K,   0% used [0x00000000c2600000, 0x00000000c2700000)
AC   0  F    TS     0 PTAMS 0x00000000c2700000 NTAMS 0x00000000c2700000 space 1024K,   0% used [0x00000000c2700000, 0x00000000c2800000)
AC   0  F    TS     0 PTAMS 0x00000000c2800000 NTAMS 0x00000000c2800000 space 1024K,   0% used [0x00000000c2800000, 0x00000000c2900000)
AC   0  F    TS     0 PTAMS 0x00000000c2900000 NTAMS 0x00000000c2900000 space 1024K,   0% used [0x00000000c2900000, 0x00000000c2a00000)
AC   0  F    TS     0 PTAMS 0x00000000c2a00000 NTAMS 0x00000000c2a00000 space 1024K,   0% used [0x00000000c2a00000, 0x00000000c2b00000)
AC   0  F    TS     0 PTAMS 0x00000000c2b00000 NTAMS 0x00000000c2b00000 space 1024K,   0% used [0x00000000c2b00000, 0x00000000c2c00000)
AC   0  F    TS     0 PTAMS 0x00000000c2c00000 NTAMS 0x00000000c2c00000 space 1024K,   0% used [0x00000000c2c00000, 0x00000000c2d00000)
AC   0  F    TS     0 PTAMS 0x00000000c2d00000 NTAMS 0x00000000c2d00000 space 1024K,   0% used [0x00000000c2d00000, 0x00000000c2e00000)
AC   0  F    TS     0 PTAMS 0x00000000c2e00000 NTAMS 0x00000000c2e00000 space 1024K,   0% used [0x00000000c2e00000, 0x00000000c2f00000)
AC   0  F    TS     0 PTAMS 0x00000000c2f00000 NTAMS 0x00000000c2f00000 space 1024K,   0% used [0x00000000c2f00000, 0x00000000c3000000)
AC   0  F    TS     0 PTAMS 0x00000000c3000000 NTAMS 0x00000000c3000000 space 1024K,   0% used [0x00000000c3000000, 0x00000000c3100000)
AC   0  F    TS     0 PTAMS 0x00000000c3100000 NTAMS 0x00000000c3100000 space 1024K,   0% used [0x00000000c3100000, 0x00000000c3200000)
AC   0  F    TS     0 PTAMS 0x00000000c3200000 NTAMS 0x00000000c3200000 space 1024K,   0% used [0x00000000c3200000, 0x00000000c3300000)
AC   0  S CS TS     1 PTAMS 0x00000000c3300000 NTAMS 0x00000000c3300000 space 1024K, 100% used [0x00000000c3300000, 0x00000000c3400000)
AC   0  S CS TS     1 PTAMS 0x00000000c3400000 NTAMS 0x00000000c3400000 space 1024K, 100% used [0x00000000c3400000, 0x00000000c3500000)
AC   0  S CS TS     1 PTAMS 0x00000000c3500000 NTAMS 0x00000000c3500000 space 1024K, 100% used [0x00000000c3500000, 0x00000000c3600000)
AC   0  S CS TS     1 PTAMS 0x00000000c3600000 NTAMS 0x00000000c3600000 space 1024K, 100% used [0x00000000c3600000, 0x00000000c3700000)
AC   0  S CS TS     1 PTAMS 0x00000000c3700000 NTAMS 0x00000000c3700000 space 1024K, 100% used [0x00000000c3700000, 0x00000000c3800000)
AC   0  S CS TS     1 PTAMS 0x00000000c3800000 NTAMS 0x00000000c3800000 space 1024K, 100% used [0x00000000c3800000, 0x00000000c3900000)
AC   0  S CS TS     1 PTAMS 0x00000000c3900000 NTAMS 0x00000000c3900000 space 1024K, 100% used [0x00000000c3900000, 0x00000000c3a00000)
AC   0  S CS TS     1 PTAMS 0x00000000c3a00000 NTAMS 0x00000000c3a00000 space 1024K, 100% used [0x00000000c3a00000, 0x00000000c3b00000)
AC   0  S CS TS     1 PTAMS 0x00000000c3b00000 NTAMS 0x00000000c3b00000 space 1024K, 100% used [0x00000000c3b00000, 0x00000000c3c00000)
AC   0  S CS TS     1 PTAMS 0x00000000c3c00000 NTAMS 0x00000000c3c00000 space 1024K, 100% used [0x00000000c3c00000, 0x00000000c3d00000)
AC   0  F    TS     0 PTAMS 0x00000000c3d00000 NTAMS 0x00000000c3d00000 space 1024K,   0% used [0x00000000c3d00000, 0x00000000c3e00000)
AC   0  F    TS     0 PTAMS 0x00000000c3e00000 NTAMS 0x00000000c3e00000 space 1024K,   0% used [0x00000000c3e00000, 0x00000000c3f00000)
AC   0  F    TS     0 PTAMS 0x00000000c3f00000 NTAMS 0x00000000c3f00000 space 1024K,   0% used [0x00000000c3f00000, 0x00000000c4000000)
AC   0  F    TS     0 PTAMS 0x00000000c4000000 NTAMS 0x00000000c4000000 space 1024K,   0% used [0x00000000c4000000, 0x00000000c4100000)
AC   0  F    TS     0 PTAMS 0x00000000c4100000 NTAMS 0x00000000c4100000 space 1024K,   0% used [0x00000000c4100000, 0x00000000c4200000)
AC   0  F    TS     0 PTAMS 0x00000000c4200000 NTAMS 0x00000000c4200000 space 1024K,   0% used [0x00000000c4200000, 0x00000000c4300000)
AC   0  F    TS     0 PTAMS 0x00000000c4300000 NTAMS 0x00000000c4300000 space 1024K,   0% used [0x00000000c4300000, 0x00000000c4400000)
AC   0  F    TS     0 PTAMS 0x00000000c4400000 NTAMS 0x00000000c4400000 space 1024K,   0% used [0x00000000c4400000, 0x00000000c4500000)
AC   0  F    TS     0 PTAMS 0x00000000c4500000 NTAMS 0x00000000c4500000 space 1024K,   0% used [0x00000000c4500000, 0x00000000c4600000)
AC   0  F    TS     0 PTAMS 0x00000000c4600000 NTAMS 0x00000000c4600000 space 1024K,   0% used [0x00000000c4600000, 0x00000000c4700000)
AC   0  F    TS     0 PTAMS 0x00000000c4700000 NTAMS 0x00000000c4700000 space 1024K,   0% used [0x00000000c4700000, 0x00000000c4800000)
AC   0  F    TS     0 PTAMS 0x00000000c4800000 NTAMS 0x00000000c4800000 space 1024K,   0% used [0x00000000c4800000, 0x00000000c4900000)
AC   0  F    TS     0 PTAMS 0x00000000c4900000 NTAMS 0x00000000c4900000 space 1024K,   0% used [0x00000000c4900000, 0x00000000c4a00000)
AC   0  F    TS     0 PTAMS 0x00000000c4a00000 NTAMS 0x00000000c4a00000 space 1024K,   0% used [0x00000000c4a00000, 0x00000000c4b00000)
AC   0  F    TS     0 PTAMS 0x00000000c4b00000 NTAMS 0x00000000c4b00000 space 1024K,   0% used [0x00000000c4b00000, 0x00000000c4c00000)
AC   0  F    TS     0 PTAMS 0x00000000c4c00000 NTAMS 0x00000000c4c00000 space 1024K,   0% used [0x00000000c4c00000, 0x00000000c4d00000)
AC   0  F    TS     0 PTAMS 0x00000000c4d00000 NTAMS 0x00000000c4d00000 space 1024K,   0% used [0x00000000c4d00000, 0x00000000c4e00000)
AC   0  F    TS     0 PTAMS 0x00000000c4e00000 NTAMS 0x00000000c4e00000 space 1024K,   0% used [0x00000000c4e00000, 0x00000000c4f00000)
AC   0  F    TS     0 PTAMS 0x00000000c4f00000 NTAMS 0x00000000c4f00000 space 1024K,   0% used [0x00000000c4f00000, 0x00000000c5000000)
AC   0  F    TS     0 PTAMS 0x00000000c5000000 NTAMS 0x00000000c5000000 space 1024K,   0% used [0x00000000c5000000, 0x00000000c5100000)
AC   0  F    TS     0 PTAMS 0x00000000c5100000 NTAMS 0x00000000c5100000 space 1024K,   0% used [0x00000000c5100000, 0x00000000c5200000)
AC   0  F    TS     0 PTAMS 0x00000000c5200000 NTAMS 0x00000000c5200000 space 1024K,   0% used [0x00000000c5200000, 0x00000000c5300000)
AC   0  F    TS     0 PTAMS 0x00000000c5300000 NTAMS 0x00000000c5300000 space 1024K,   0% used [0x00000000c5300000, 0x00000000c5400000)
AC   0  F    TS     0 PTAMS 0x00000000c5400000 NTAMS 0x00000000c5400000 space 1024K,   0% used [0x00000000c5400000, 0x00000000c5500000)
AC   0  F    TS     0 PTAMS 0x00000000c5500000 NTAMS 0x00000000c5500000 space 1024K,   0% used [0x00000000c5500000, 0x00000000c5600000)
AC   0  F    TS     0 PTAMS 0x00000000c5600000 NTAMS 0x00000000c5600000 space 1024K,   0% used [0x00000000c5600000, 0x00000000c5700000)
AC   0  F    TS     0 PTAMS 0x00000000c5700000 NTAMS 0x00000000c5700000 space 1024K,   0% used [0x00000000c5700000, 0x00000000c5800000)
AC   0  F    TS     0 PTAMS 0x00000000c5800000 NTAMS 0x00000000c5800000 space 1024K,   0% used [0x00000000c5800000, 0x00000000c5900000)
AC   0  F    TS     0 PTAMS 0x00000000c5900000 NTAMS 0x00000000c5900000 space 1024K,   0% used [0x00000000c5900000, 0x00000000c5a00000)
AC   0  F    TS     0 PTAMS 0x00000000c5a00000 NTAMS 0x00000000c5a00000 space 1024K,   0% used [0x00000000c5a00000, 0x00000000c5b00000)
AC   0  F    TS     0 PTAMS 0x00000000c5b00000 NTAMS 0x00000000c5b00000 space 1024K,   0% used [0x00000000c5b00000, 0x00000000c5c00000)
AC   0  F    TS     0 PTAMS 0x00000000c5c00000 NTAMS 0x00000000c5c00000 space 1024K,   0% used [0x00000000c5c00000, 0x00000000c5d00000)
AC   0  F    TS     0 PTAMS 0x00000000c5d00000 NTAMS 0x00000000c5d00000 space 1024K,   0% used [0x00000000c5d00000, 0x00000000c5e00000)
AC   0  F    TS     0 PTAMS 0x00000000c5e00000 NTAMS 0x00000000c5e00000 space 1024K,   0% used [0x00000000c5e00000, 0x00000000c5f00000)
AC   0  E    TS     0 PTAMS 0x00000000c5f00000 NTAMS 0x00000000c5f00000 space 1024K,  29% used [0x00000000c5f00000, 0x00000000c6000000)
AC   0  E CS TS     0 PTAMS 0x00000000c6000000 NTAMS 0x00000000c6000000 space 1024K, 100% used [0x00000000c6000000, 0x00000000c6100000)
AC   0  E CS TS     0 PTAMS 0x00000000c6100000 NTAMS 0x00000000c6100000 space 1024K, 100% used [0x00000000c6100000, 0x00000000c6200000)
AC   0  E CS TS     0 PTAMS 0x00000000c6200000 NTAMS 0x00000000c6200000 space 1024K, 100% used [0x00000000c6200000, 0x00000000c6300000)
AC   0  E CS TS     0 PTAMS 0x00000000c6300000 NTAMS 0x00000000c6300000 space 1024K, 100% used [0x00000000c6300000, 0x00000000c6400000)
AC   0  E CS TS     0 PTAMS 0x00000000c6400000 NTAMS 0x00000000c6400000 space 1024K, 100% used [0x00000000c6400000, 0x00000000c6500000)
AC   0  E CS TS     0 PTAMS 0x00000000c6500000 NTAMS 0x00000000c6500000 space 1024K, 100% used [0x00000000c6500000, 0x00000000c6600000)
AC   0  E CS TS     0 PTAMS 0x00000000c6600000 NTAMS 0x00000000c6600000 space 1024K, 100% used [0x00000000c6600000, 0x00000000c6700000)
AC   0  E CS TS     0 PTAMS 0x00000000c6700000 NTAMS 0x00000000c6700000 space 1024K, 100% used [0x00000000c6700000, 0x00000000c6800000)
AC   0  E CS TS     0 PTAMS 0x00000000c6800000 NTAMS 0x00000000c6800000 space 1024K, 100% used [0x00000000c6800000, 0x00000000c6900000)
AC   0  E CS TS     0 PTAMS 0x00000000c6900000 NTAMS 0x00000000c6900000 space 1024K, 100% used [0x00000000c6900000, 0x00000000c6a00000)
AC   0  E CS TS     0 PTAMS 0x00000000c6a00000 NTAMS 0x00000000c6a00000 space 1024K, 100% used [0x00000000c6a00000, 0x00000000c6b00000)
AC   0  E CS TS     0 PTAMS 0x00000000c6b00000 NTAMS 0x00000000c6b00000 space 1024K, 100% used [0x00000000c6b00000, 0x00000000c6c00000)
AC   0  E CS TS     0 PTAMS 0x00000000c6c00000 NTAMS 0x00000000c6c00000 space 1024K, 100% used [0x00000000c6c00000, 0x00000000c6d00000)
AC   0  E CS TS     0 PTAMS 0x00000000c6d00000 NTAMS 0x00000000c6d00000 space 1024K, 100% used [0x00000000c6d00000, 0x00000000c6e00000)
AC   0  E CS TS     0 PTAMS 0x00000000c6e00000 NTAMS 0x00000000c6e00000 space 1024K, 100% used [0x00000000c6e00000, 0x00000000c6f00000)
AC   0  E CS TS     0 PTAMS 0x00000000c6f00000 NTAMS 0x00000000c6f00000 space 1024K, 100% used [0x00000000c6f00000, 0x00000000c7000000)
AC   0  E CS TS     0 PTAMS 0x00000000c7000000 NTAMS 0x00000000c7000000 space 1024K, 100% used [0x00000000c7000000, 0x00000000c7100000)
AC   0  E CS TS     0 PTAMS 0x00000000c7100000 NTAMS 0x00000000c7100000 space 1024K, 100% used [0x00000000c7100000, 0x00000000c7200000)
AC   0  E CS TS     0 PTAMS 0x00000000c7200000 NTAMS 0x00000000c7200000 space 1024K, 100% used [0x00000000c7200000, 0x00000000c7300000)
AC   0  E CS TS     0 PTAMS 0x00000000c7300000 NTAMS 0x00000000c7300000 space 1024K, 100% used [0x00000000c7300000, 0x00000000c7400000)
AC   0  E CS TS     0 PTAMS 0x00000000c7400000 NTAMS 0x00000000c7400000 space 1024K, 100% used [0x00000000c7400000, 0x00000000c7500000)
AC   0  E CS TS     0 PTAMS 0x00000000c7500000 NTAMS 0x00000000c7500000 space 1024K, 100% used [0x00000000c7500000, 0x00000000c7600000)
AC   0  E CS TS     0 PTAMS 0x00000000c7600000 NTAMS 0x00000000c7600000 space 1024K, 100% used [0x00000000c7600000, 0x00000000c7700000)
AC   0  E CS TS     0 PTAMS 0x00000000c7700000 NTAMS 0x00000000c7700000 space 1024K, 100% used [0x00000000c7700000, 0x00000000c7800000)
AC   0  E CS TS     0 PTAMS 0x00000000c7800000 NTAMS 0x00000000c7800000 space 1024K, 100% used [0x00000000c7800000, 0x00000000c7900000)
AC   0  E CS TS     0 PTAMS 0x00000000c7900000 NTAMS 0x00000000c7900000 space 1024K, 100% used [0x00000000c7900000, 0x00000000c7a00000)
AC   0  E CS TS     0 PTAMS 0x00000000c7a00000 NTAMS 0x00000000c7a00000 space 1024K, 100% used [0x00000000c7a00000, 0x00000000c7b00000)
AC   0  E CS TS     0 PTAMS 0x00000000c7b00000 NTAMS 0x00000000c7b00000 space 1024K, 100% used [0x00000000c7b00000, 0x00000000c7c00000)
AC   0  E CS TS     0 PTAMS 0x00000000c7c00000 NTAMS 0x00000000c7c00000 space 1024K, 100% used [0x00000000c7c00000, 0x00000000c7d00000)
AC   0  E CS TS     0 PTAMS 0x00000000c7d00000 NTAMS 0x00000000c7d00000 space 1024K, 100% used [0x00000000c7d00000, 0x00000000c7e00000)

Card table byte_map: [0x0000000014660000,0x0000000014860000] byte_map_base: 0x0000000014060000

Marking Bits (Prev, Next): (CMBitMap*) 0x00000000034512d8, (CMBitMap*) 0x0000000003451330
 Prev Bits: [0x0000000014a60000, 0x0000000015a60000)
 Next Bits: [0x0000000015a60000, 0x0000000016a60000)

Polling page: 0x00000000010e0000

CodeCache: size=245760Kb used=13756Kb max_used=13761Kb free=232003Kb
 bounds [0x0000000003500000, 0x0000000004280000, 0x0000000012500000]
 total_blobs=4520 nmethods=3994 adapters=437
 compilation: enabled

Compilation events (10 events):
Event: 266.605 Thread 0x0000000019a7c800 nmethod 4043 0x00000000042698d0 code [0x0000000004269a80, 0x0000000004269ef8]
Event: 266.605 Thread 0x0000000019a7c800 4044       3       java.util.RegularEnumSet::remove (74 bytes)
Event: 266.606 Thread 0x0000000019a7c800 nmethod 4044 0x0000000004269050 code [0x00000000042691e0, 0x0000000004269788]
Event: 266.609 Thread 0x0000000019a7c800 4045   !   3       org.eclipse.osgi.internal.loader.ModuleClassLoader::publicDefinePackage (50 bytes)
Event: 266.609 Thread 0x0000000019a7c800 nmethod 4045 0x0000000004268810 code [0x0000000004268980, 0x0000000004268e98]
Event: 266.613 Thread 0x0000000019a7c800 4046       3       java.util.regex.Pattern::atom (379 bytes)
Event: 266.613 Thread 0x0000000019a6c000 4047 %     4       java.util.Properties$LineReader::readLine @ 21 (468 bytes)
Event: 266.615 Thread 0x0000000019a7c800 nmethod 4046 0x000000000426b9d0 code [0x000000000426bcc0, 0x000000000426d2b8]
Event: 266.615 Thread 0x0000000019a7c800 4048       1       java.util.Formatter::access$000 (5 bytes)
Event: 266.615 Thread 0x0000000019a7c800 nmethod 4048 0x0000000004268550 code [0x00000000042686a0, 0x0000000004268790]

GC Heap History (10 events):
Event: 0.818 GC heap before
{Heap before GC invocations=0 (full 0):
 garbage-first heap   total 129024K, used 24576K [0x00000000c0000000, 0x00000000c01003f0, 0x0000000100000000)
  region size 1024K, 24 young (24576K), 0 survivors (0K)
 Metaspace       used 8009K, capacity 8160K, committed 8320K, reserved 1056768K
  class space    used 838K, capacity 889K, committed 896K, reserved 1048576K
Event: 0.825 GC heap after
Heap after GC invocations=1 (full 0):
 garbage-first heap   total 129024K, used 6054K [0x00000000c0000000, 0x00000000c01003f0, 0x0000000100000000)
  region size 1024K, 3 young (3072K), 3 survivors (3072K)
 Metaspace       used 8009K, capacity 8160K, committed 8320K, reserved 1056768K
  class space    used 838K, capacity 889K, committed 896K, reserved 1048576K
}
Event: 1.440 GC heap before
{Heap before GC invocations=1 (full 0):
 garbage-first heap   total 129024K, used 35750K [0x00000000c0000000, 0x00000000c01003f0, 0x0000000100000000)
  region size 1024K, 32 young (32768K), 3 survivors (3072K)
 Metaspace       used 17313K, capacity 18108K, committed 18304K, reserved 1064960K
  class space    used 1689K, capacity 1904K, committed 1920K, reserved 1048576K
Event: 1.451 GC heap after
Heap after GC invocations=2 (full 0):
 garbage-first heap   total 129024K, used 16898K [0x00000000c0000000, 0x00000000c01003f0, 0x0000000100000000)
  region size 1024K, 4 young (4096K), 4 survivors (4096K)
 Metaspace       used 17313K, capacity 18108K, committed 18304K, reserved 1064960K
  class space    used 1689K, capacity 1904K, committed 1920K, reserved 1048576K
}
Event: 1.542 GC heap before
{Heap before GC invocations=2 (full 0):
 garbage-first heap   total 129024K, used 29186K [0x00000000c0000000, 0x00000000c01003f0, 0x0000000100000000)
  region size 1024K, 17 young (17408K), 4 survivors (4096K)
 Metaspace       used 19765K, capacity 21112K, committed 21248K, reserved 1069056K
  class space    used 1988K, capacity 2474K, committed 2560K, reserved 1048576K
Event: 1.547 GC heap after
Heap after GC invocations=3 (full 0):
 garbage-first heap   total 129024K, used 19857K [0x00000000c0000000, 0x00000000c01003f0, 0x0000000100000000)
  region size 1024K, 7 young (7168K), 7 survivors (7168K)
 Metaspace       used 19765K, capacity 21112K, committed 21248K, reserved 1069056K
  class space    used 1988K, capacity 2474K, committed 2560K, reserved 1048576K
}
Event: 2.075 GC heap before
{Heap before GC invocations=4 (full 0):
 garbage-first heap   total 129024K, used 84879K [0x00000000c0000000, 0x00000000c01003f0, 0x0000000100000000)
  region size 1024K, 75 young (76800K), 7 survivors (7168K)
 Metaspace       used 27884K, capacity 29516K, committed 29824K, reserved 1075200K
  class space    used 3069K, capacity 3586K, committed 3712K, reserved 1048576K
Event: 2.087 GC heap after
Heap after GC invocations=5 (full 0):
 garbage-first heap   total 129024K, used 25152K [0x00000000c0000000, 0x00000000c01003f0, 0x0000000100000000)
  region size 1024K, 10 young (10240K), 10 survivors (10240K)
 Metaspace       used 27884K, capacity 29516K, committed 29824K, reserved 1075200K
  class space    used 3069K, capacity 3586K, committed 3712K, reserved 1048576K
}
Event: 2.947 GC heap before
{Heap before GC invocations=6 (full 0):
 garbage-first heap   total 129024K, used 91712K [0x00000000c0000000, 0x00000000c01003f0, 0x0000000100000000)
  region size 1024K, 75 young (76800K), 10 survivors (10240K)
 Metaspace       used 34001K, capacity 36428K, committed 36480K, reserved 1081344K
  class space    used 3775K, capacity 4460K, committed 4480K, reserved 1048576K
Event: 2.964 GC heap after
Heap after GC invocations=7 (full 0):
 garbage-first heap   total 129024K, used 36864K [0x00000000c0000000, 0x00000000c01003f0, 0x0000000100000000)
  region size 1024K, 10 young (10240K), 10 survivors (10240K)
 Metaspace       used 34001K, capacity 36428K, committed 36480K, reserved 1081344K
  class space    used 3775K, capacity 4460K, committed 4480K, reserved 1048576K
}

Deoptimization events (10 events):
Event: 3.335 Thread 0x000000001c205000 Uncommon trap: reason=unstable_if action=reinterpret pc=0x0000000003b95590 method=org.codehaus.plexus.util.xml.pull.MXParser.nextImpl()I @ 269
Event: 3.336 Thread 0x000000001c205000 Uncommon trap: reason=unstable_if action=reinterpret pc=0x0000000003d6c534 method=sun.nio.cs.StreamDecoder.implRead([CII)I @ 36
Event: 3.409 Thread 0x000000001c205000 Uncommon trap: reason=unstable_if action=reinterpret pc=0x00000000041113bc method=java.util.regex.Pattern.newSlice([IIZ)Ljava/util/regex/Pattern$Node; @ 10
Event: 3.409 Thread 0x000000001c205000 Uncommon trap: reason=unstable_if action=reinterpret pc=0x0000000004103994 method=java.util.regex.Pattern.compile()V @ 249
Event: 3.410 Thread 0x000000001c205000 Uncommon trap: reason=unstable_if action=reinterpret pc=0x00000000041086fc method=java.util.regex.Pattern.newSlice([IIZ)Ljava/util/regex/Pattern$Node; @ 10
Event: 3.411 Thread 0x000000001c205000 Uncommon trap: reason=unstable_if action=reinterpret pc=0x0000000003dc5578 method=org.codehaus.plexus.util.xml.pull.MXParser.parseStartTag()I @ 443
Event: 3.449 Thread 0x000000001c69a000 Uncommon trap: reason=class_check action=maybe_recompile pc=0x00000000036321ac method=java.util.regex.Pattern$7.isSatisfiedBy(I)Z @ 5
Event: 3.449 Thread 0x000000001c69a000 Uncommon trap: reason=class_check action=maybe_recompile pc=0x00000000036321ac method=java.util.regex.Pattern$7.isSatisfiedBy(I)Z @ 5
Event: 3.449 Thread 0x000000001c69a000 Uncommon trap: reason=class_check action=maybe_recompile pc=0x00000000036321ac method=java.util.regex.Pattern$7.isSatisfiedBy(I)Z @ 5
Event: 3.449 Thread 0x000000001c69a000 Uncommon trap: reason=class_check action=maybe_recompile pc=0x00000000036321ac method=java.util.regex.Pattern$7.isSatisfiedBy(I)Z @ 5

Internal exceptions (10 events):
Event: 2.878 Thread 0x000000001c205000 Exception <a 'sun/nio/fs/WindowsException'> (0x00000000c4016118) thrown at [C:\re\workspace\8-2-build-windows-amd64-cygwin\jdk8u91\6644\hotspot\src\share\vm\prims\jni.cpp, line 709]
Event: 2.878 Thread 0x000000001c205000 Exception <a 'sun/nio/fs/WindowsException'> (0x00000000c40195b8) thrown at [C:\re\workspace\8-2-build-windows-amd64-cygwin\jdk8u91\6644\hotspot\src\share\vm\prims\jni.cpp, line 709]
Event: 2.884 Thread 0x000000001c205000 Exception <a 'sun/nio/fs/WindowsException'> (0x00000000c40400a0) thrown at [C:\re\workspace\8-2-build-windows-amd64-cygwin\jdk8u91\6644\hotspot\src\share\vm\prims\jni.cpp, line 709]
Event: 2.920 Thread 0x0000000021513000 Exception <a 'sun/nio/fs/WindowsException'> (0x00000000c3e60898) thrown at [C:\re\workspace\8-2-build-windows-amd64-cygwin\jdk8u91\6644\hotspot\src\share\vm\prims\jni.cpp, line 709]
Event: 2.924 Thread 0x0000000021513000 Exception <a 'sun/nio/fs/WindowsException'> (0x00000000c3e99f50) thrown at [C:\re\workspace\8-2-build-windows-amd64-cygwin\jdk8u91\6644\hotspot\src\share\vm\prims\jni.cpp, line 709]
Event: 2.929 Thread 0x000000001c69a000 Exception <a 'java/io/FileNotFoundException'> (0x00000000c3e8b220) thrown at [C:\re\workspace\8-2-build-windows-amd64-cygwin\jdk8u91\6644\hotspot\src\share\vm\prims\jni.cpp, line 709]
Event: 2.929 Thread 0x000000001c69a000 Exception <a 'java/io/FileNotFoundException'> (0x00000000c3eefb98) thrown at [C:\re\workspace\8-2-build-windows-amd64-cygwin\jdk8u91\6644\hotspot\src\share\vm\prims\jni.cpp, line 709]
Event: 3.046 Thread 0x000000001c205000 Implicit null exception at 0x000000000413155b to 0x0000000004131895
Event: 3.050 Thread 0x000000001c205000 Exception <a 'java/io/FileNotFoundException'> (0x00000000c760a460) thrown at [C:\re\workspace\8-2-build-windows-amd64-cygwin\jdk8u91\6644\hotspot\src\share\vm\prims\jni.cpp, line 709]
Event: 3.425 Thread 0x000000001c205000 Exception <a 'java/io/FileNotFoundException'> (0x00000000c69197d8) thrown at [C:\re\workspace\8-2-build-windows-amd64-cygwin\jdk8u91\6644\hotspot\src\share\vm\prims\jni.cpp, line 709]

Events (10 events):
Event: 266.611 loading class java/util/regex/Pattern$CharPropertyNames$20
Event: 266.611 loading class java/util/regex/Pattern$CharPropertyNames$20 done
Event: 266.611 loading class java/util/regex/Pattern$CharPropertyNames$21
Event: 266.611 loading class java/util/regex/Pattern$CharPropertyNames$21 done
Event: 266.612 loading class java/util/regex/Pattern$CharPropertyNames$22
Event: 266.612 loading class java/util/regex/Pattern$CharPropertyNames$22 done
Event: 266.612 loading class java/util/regex/Pattern$CharPropertyNames$23
Event: 266.612 loading class java/util/regex/Pattern$CharPropertyNames$23 done
Event: 266.620 loading class org/gradle/internal/service/MethodHandleBasedServiceMethodFactory
Event: 266.620 loading class org/gradle/internal/service/MethodHandleBasedServiceMethodFactory done


Dynamic libraries:
0x00007ff73b250000 - 0x00007ff73b287000 	D:\Java\jdk1.8.0_91\bin\java.exe
0x00007ffd8ec00000 - 0x00007ffd8ede1000 	C:\WINDOWS\SYSTEM32\ntdll.dll
0x00007ffd8d6a0000 - 0x00007ffd8d752000 	C:\WINDOWS\System32\KERNEL32.DLL
0x00007ffd8bd70000 - 0x00007ffd8bfe3000 	C:\WINDOWS\System32\KERNELBASE.dll
0x00007ffd8d0c0000 - 0x00007ffd8d161000 	C:\WINDOWS\System32\ADVAPI32.dll
0x00007ffd8cfb0000 - 0x00007ffd8d04e000 	C:\WINDOWS\System32\msvcrt.dll
0x00007ffd8d170000 - 0x00007ffd8d1cb000 	C:\WINDOWS\System32\sechost.dll
0x00007ffd8d3a0000 - 0x00007ffd8d4c4000 	C:\WINDOWS\System32\RPCRT4.dll
0x00007ffd8d500000 - 0x00007ffd8d690000 	C:\WINDOWS\System32\USER32.dll
0x00007ffd8b030000 - 0x00007ffd8b050000 	C:\WINDOWS\System32\win32u.dll
0x00007ffd8d4d0000 - 0x00007ffd8d4f8000 	C:\WINDOWS\System32\GDI32.dll
0x00007ffd8b760000 - 0x00007ffd8b8f2000 	C:\WINDOWS\System32\gdi32full.dll
0x00007ffd8bff0000 - 0x00007ffd8c08f000 	C:\WINDOWS\System32\msvcp_win.dll
0x00007ffd8bb70000 - 0x00007ffd8bc6a000 	C:\WINDOWS\System32\ucrtbase.dll
0x00007ffd7d8b0000 - 0x00007ffd7db19000 	C:\WINDOWS\WinSxS\amd64_microsoft.windows.common-controls_6595b64144ccf1df_6.0.17134.286_none_fb43982d306480cc\COMCTL32.dll
0x00007ffd8c310000 - 0x00007ffd8c633000 	C:\WINDOWS\System32\combase.dll
0x00007ffd8baf0000 - 0x00007ffd8bb6a000 	C:\WINDOWS\System32\bcryptPrimitives.dll
0x00007ffd8d760000 - 0x00007ffd8d78d000 	C:\WINDOWS\System32\IMM32.DLL
0x00000000604e0000 - 0x00000000605b2000 	D:\Java\jdk1.8.0_91\jre\bin\msvcr100.dll
0x000000005fc40000 - 0x00000000604d3000 	D:\Java\jdk1.8.0_91\jre\bin\server\jvm.dll
0x00007ffd8c790000 - 0x00007ffd8c798000 	C:\WINDOWS\System32\PSAPI.DLL
0x00007ffd891d0000 - 0x00007ffd891d9000 	C:\WINDOWS\SYSTEM32\WSOCK32.dll
0x00007ffd7f540000 - 0x00007ffd7f54a000 	C:\WINDOWS\SYSTEM32\VERSION.dll
0x00007ffd89170000 - 0x00007ffd89193000 	C:\WINDOWS\SYSTEM32\WINMM.dll
0x00007ffd8d050000 - 0x00007ffd8d0bc000 	C:\WINDOWS\System32\WS2_32.dll
0x00007ffd89050000 - 0x00007ffd8907a000 	C:\WINDOWS\SYSTEM32\WINMMBASE.dll
0x00007ffd8bd20000 - 0x00007ffd8bd69000 	C:\WINDOWS\System32\cfgmgr32.dll
0x000000005fc30000 - 0x000000005fc3f000 	D:\Java\jdk1.8.0_91\jre\bin\verify.dll
0x000000005fc00000 - 0x000000005fc29000 	D:\Java\jdk1.8.0_91\jre\bin\java.dll
0x000000005fbe0000 - 0x000000005fbf6000 	D:\Java\jdk1.8.0_91\jre\bin\zip.dll
0x00007ffd8d790000 - 0x00007ffd8ebd0000 	C:\WINDOWS\System32\SHELL32.dll
0x00007ffd8c640000 - 0x00007ffd8c6e9000 	C:\WINDOWS\System32\shcore.dll
0x00007ffd8b050000 - 0x00007ffd8b75d000 	C:\WINDOWS\System32\windows.storage.dll
0x00007ffd8d1d0000 - 0x00007ffd8d221000 	C:\WINDOWS\System32\shlwapi.dll
0x00007ffd8af10000 - 0x00007ffd8af21000 	C:\WINDOWS\System32\kernel.appcore.dll
0x00007ffd8af90000 - 0x00007ffd8afaf000 	C:\WINDOWS\System32\profapi.dll
0x00007ffd8af30000 - 0x00007ffd8af7c000 	C:\WINDOWS\System32\powrprof.dll
0x00007ffd8af80000 - 0x00007ffd8af8a000 	C:\WINDOWS\System32\FLTLIB.DLL
0x00007ffd8a940000 - 0x00007ffd8a957000 	C:\WINDOWS\SYSTEM32\CRYPTSP.dll
0x00007ffd8a310000 - 0x00007ffd8a343000 	C:\WINDOWS\system32\rsaenh.dll
0x00007ffd8aa70000 - 0x00007ffd8aa95000 	C:\WINDOWS\SYSTEM32\bcrypt.dll
0x00007ffd8ae40000 - 0x00007ffd8ae68000 	C:\WINDOWS\SYSTEM32\USERENV.dll
0x00007ffd8a960000 - 0x00007ffd8a96b000 	C:\WINDOWS\SYSTEM32\CRYPTBASE.dll
0x000000005fbc0000 - 0x000000005fbda000 	D:\Java\jdk1.8.0_91\jre\bin\net.dll
0x00007ffd8a730000 - 0x00007ffd8a796000 	C:\WINDOWS\system32\mswsock.dll
0x00007ffd8a4b0000 - 0x00007ffd8a4e8000 	C:\WINDOWS\SYSTEM32\IPHLPAPI.DLL
0x00007ffd8d690000 - 0x00007ffd8d698000 	C:\WINDOWS\System32\NSI.dll
0x00007ffd866e0000 - 0x00007ffd866f6000 	C:\WINDOWS\SYSTEM32\dhcpcsvc6.DLL
0x00007ffd868a0000 - 0x00007ffd868ba000 	C:\WINDOWS\SYSTEM32\dhcpcsvc.DLL
0x000000005fba0000 - 0x000000005fbb1000 	D:\Java\jdk1.8.0_91\jre\bin\nio.dll
0x00007ffd7d170000 - 0x00007ffd7d199000 	C:\Users\Administrator\.vscode\extensions\redhat.java-0.32.0\server\config_win\org.eclipse.equinox.launcher\org.eclipse.equinox.launcher.win32.win32.x86_64_1.1.900.v20180922-1751\eclipse_1801.dll
0x00007ffd87610000 - 0x00007ffd87621000 	C:\Users\Administrator\.vscode\extensions\redhat.java-0.32.0\server\config_win\org.eclipse.osgi\24\0\.cp\jWinHttp-1.0.0.dll
0x00007ffd8d230000 - 0x00007ffd8d381000 	C:\WINDOWS\System32\ole32.dll
0x00007ffd82fd0000 - 0x00007ffd830ac000 	C:\WINDOWS\SYSTEM32\WINHTTP.dll

VM Arguments:
jvm_args: -Declipse.application=org.eclipse.jdt.ls.core.id1 -Dosgi.bundles.defaultStartLevel=4 -Declipse.product=org.eclipse.jdt.ls.core.product -Xverify:none -Xmx1G -XX:+UseG1GC -XX:+UseStringDeduplication 
java_command: C:\Users\Administrator\.vscode\extensions\redhat.java-0.32.0\server\plugins\org.eclipse.equinox.launcher_1.5.200.v20180922-1751.jar -configuration C:\Users\Administrator\.vscode\extensions\redhat.java-0.32.0\server\config_win -data C:\Users\Administrator\AppData\Roaming\Code\User\workspaceStorage\1da128ee1ed0c83f6fca71ccf6849328\redhat.java\jdt_ws
java_class_path (initial): C:\Users\Administrator\.vscode\extensions\redhat.java-0.32.0\server\plugins\org.eclipse.equinox.launcher_1.5.200.v20180922-1751.jar
Launcher Type: SUN_STANDARD

Environment Variables:
JAVA_HOME=D:\Java\jdk1.8.0_91
PATH=C:\WINDOWS\system32;C:\WINDOWS;C:\WINDOWS\System32\Wbem;C:\WINDOWS\System32\WindowsPowerShell\v1.0\;D:\Git\cmd;.;D:\Java\jdk1.8.0_91\lib\dt.jar;D:\Java\jdk1.8.0_91\lib\tools.jar;D:\Java\jdk1.8.0_91\bin;E:\android\android-sdk\platform-tools;E:\android\android-sdk\tools;F:\flutter\flutter\bin;F:\TortoiseSVN\bin;F:\tom9\bin;F:\tom9\lib;F:\mysql-8.0.11-winx64\bin;F:\MinGW\bin;C:\WINDOWS\System32\OpenSSH\;C:\ProgramData\chocolatey\bin;C:\Program Files\nodejs\;F:\Microsoft VS Code\bin;F:\Python\Python36\Scripts\;F:\Python\Python36\;C:\Users\Administrator\AppData\Local\Microsoft\WindowsApps;;F:\Microsoft VS Code\bin;C:\Users\Administrator\AppData\Roaming\npm
USERNAME=Administrator
OS=Windows_NT
PROCESSOR_IDENTIFIER=Intel64 Family 6 Model 60 Stepping 3, GenuineIntel



---------------  S Y S T E M  ---------------

OS: Windows 10.0 , 64 bit Build 17134 (10.0.17134.1)

CPU:total 8 (4 cores per cpu, 2 threads per core) family 6 model 60 stepping 3, cmov, cx8, fxsr, mmx, sse, sse2, sse3, ssse3, sse4.1, sse4.2, popcnt, avx, avx2, aes, clmul, erms, lzcnt, ht, tsc, tscinvbit, bmi1, bmi2

Memory: 4k page, physical 8248304k(861880k free), swap 8248304k(844k free)

vm_info: Java HotSpot(TM) 64-Bit Server VM (25.91-b14) for windows-amd64 JRE (1.8.0_91-b14), built on Apr  1 2016 00:58:32 by "java_re" with MS VC++ 10.0 (VS2010)

time: Thu Oct 11 14:35:42 2018
elapsed time: 266 seconds (0d 0h 4m 26s)

