#
# There is insufficient memory for the Java Runtime Environment to continue.
# Native memory allocation (malloc) failed to allocate 1622416 bytes for Chunk::new
# Possible reasons:
#   The system is out of physical RAM or swap space
#   In 32 bit mode, the process size limit was hit
# Possible solutions:
#   Reduce memory load on the system
#   Increase physical memory or swap space
#   Check if swap backing store is full
#   Use 64 bit Java on a 64 bit OS
#   Decrease Java heap size (-Xmx/-Xms)
#   Decrease number of Java threads
#   Decrease Java thread stack sizes (-Xss)
#   Set larger code cache with -XX:ReservedCodeCacheSize=
# This output file may be truncated or incomplete.
#
#  Out of Memory Error (allocation.cpp:390), pid=10972, tid=0x00000000000000e4
#
# JRE version: OpenJDK Runtime Environment (8.0_152-b06) (build 1.8.0_152-release-1136-b06)
# Java VM: OpenJDK 64-Bit Server VM (25.152-b06 mixed mode windows-amd64 compressed oops)
# Failed to write core dump. Minidumps are not enabled by default on client versions of Windows
#

---------------  T H R E A D  ---------------

Current thread (0x0000000016beb000):  JavaThread "C2 CompilerThread2" daemon [_thread_in_native, id=228, stack(0x00000000193e0000,0x00000000194e0000)]

Stack: [0x00000000193e0000,0x00000000194e0000]
[error occurred during error reporting (printing stack bounds), id 0xc0000005]

Native frames: (J=compiled Java code, j=interpreted, Vv=VM code, C=native code)


Current CompileTask:
C2:   2590 2111       4       groovy.lang.MetaClassImpl$1MOPIter::methodNameAction (479 bytes)


---------------  P R O C E S S  ---------------

Java Threads: ( => current thread )
  0x000000001adc4800 JavaThread "Cache worker for Artifact transforms cache (C:\Users\Administrator\.gradle\caches\transforms-1)" [_thread_blocked, id=8484, stack(0x000000001f3d0000,0x000000001f4d0000)]
  0x000000001b247800 JavaThread "Cache worker for file hash cache (F:\Flutter_Work\flutter_starplanforparents\android\.gradle\4.1\fileHashes)" [_thread_blocked, id=7164, stack(0x000000001d130000,0x000000001d230000)]
  0x000000001b061000 JavaThread "File lock request listener" [_thread_in_native, id=7300, stack(0x000000001d030000,0x000000001d130000)]
  0x000000001aebe800 JavaThread "Cache worker for file hash cache (C:\Users\Administrator\.gradle\caches\4.1\fileHashes)" [_thread_blocked, id=13044, stack(0x000000001cd30000,0x000000001ce30000)]
  0x000000001a669800 JavaThread "Stdin handler" [_thread_blocked, id=12748, stack(0x000000001cc30000,0x000000001cd30000)]
  0x000000001a631000 JavaThread "Asynchronous log dispatcher for DefaultDaemonConnection: socket connection from /127.0.0.1:49673 to /127.0.0.1:49674" [_thread_blocked, id=5724, stack(0x000000001ca30000,0x000000001cb30000)]
  0x000000001a765000 JavaThread "Daemon worker" [_thread_in_Java, id=11604, stack(0x000000001c930000,0x000000001ca30000)]
  0x000000001a66d000 JavaThread "Cancel handler" [_thread_blocked, id=324, stack(0x000000001c830000,0x000000001c930000)]
  0x000000001a7eb800 JavaThread "Handler for socket connection from /127.0.0.1:49673 to /127.0.0.1:49674" [_thread_in_native, id=11384, stack(0x000000001c530000,0x000000001c630000)]
  0x000000001a7ea000 JavaThread "Daemon" [_thread_blocked, id=12336, stack(0x000000001c430000,0x000000001c530000)]
  0x000000001a7e1800 JavaThread "Daemon periodic checks" [_thread_blocked, id=5040, stack(0x000000001c330000,0x000000001c430000)]
  0x000000001a9fb800 JavaThread "Incoming local TCP Connector on port 49673" [_thread_in_native, id=8776, stack(0x000000001c180000,0x000000001c280000)]
  0x0000000018c02000 JavaThread "Service Thread" daemon [_thread_blocked, id=11632, stack(0x00000000195e0000,0x00000000196e0000)]
  0x0000000016bee800 JavaThread "C1 CompilerThread3" daemon [_thread_blocked, id=1808, stack(0x00000000194e0000,0x00000000195e0000)]
=>0x0000000016beb000 JavaThread "C2 CompilerThread2" daemon [_thread_in_native, id=228, stack(0x00000000193e0000,0x00000000194e0000)]
  0x0000000016bea000 JavaThread "C2 CompilerThread1" daemon [_thread_in_native, id=928, stack(0x00000000192e0000,0x00000000193e0000)]
  0x0000000016be8000 JavaThread "C2 CompilerThread0" daemon [_thread_in_native, id=11136, stack(0x00000000191e0000,0x00000000192e0000)]
  0x0000000018b22000 JavaThread "Attach Listener" daemon [_thread_blocked, id=7956, stack(0x00000000190e0000,0x00000000191e0000)]
  0x0000000018b21000 JavaThread "Signal Dispatcher" daemon [_thread_blocked, id=11912, stack(0x0000000018fe0000,0x00000000190e0000)]
  0x0000000016be1000 JavaThread "Finalizer" daemon [_thread_blocked, id=10764, stack(0x0000000018ee0000,0x0000000018fe0000)]
  0x0000000002e18000 JavaThread "Reference Handler" daemon [_thread_blocked, id=9284, stack(0x00000000189e0000,0x0000000018ae0000)]
  0x0000000002d22800 JavaThread "main" [_thread_blocked, id=12568, stack(0x0000000002c20000,0x0000000002d20000)]

Other Threads:
  0x0000000016bd5800 VMThread [stack: 0x00000000188e0000,0x00000000189e0000] [id=5604]
  0x0000000018ba2800 WatcherThread [stack: 0x00000000196e0000,0x00000000197e0000] [id=10948]

VM state:not at safepoint (normal execution)

VM Mutex/Monitor currently owned by a thread: None

Heap:
 PSYoungGen      total 70656K, used 24970K [0x00000000e0000000, 0x00000000e4a00000, 0x0000000100000000)
  eden space 65536K, 30% used [0x00000000e0000000,0x00000000e1365490,0x00000000e4000000)
  from space 5120K, 99% used [0x00000000e4000000,0x00000000e44fd3c8,0x00000000e4500000)
  to   space 5120K, 0% used [0x00000000e4500000,0x00000000e4500000,0x00000000e4a00000)
 ParOldGen       total 70144K, used 11362K [0x00000000a0000000, 0x00000000a4480000, 0x00000000e0000000)
  object space 70144K, 16% used [0x00000000a0000000,0x00000000a0b189d0,0x00000000a4480000)
 Metaspace       used 27126K, capacity 27560K, committed 27776K, reserved 1073152K
  class space    used 3743K, capacity 3876K, committed 3968K, reserved 1048576K

Card table byte_map: [0x00000000121e0000,0x00000000124f0000] byte_map_base: 0x0000000011ce0000

Marking Bits: (ParMarkBitMap*) 0x0000000060d85aa0
 Begin Bits: [0x0000000012ef0000, 0x00000000146f0000)
 End Bits:   [0x00000000146f0000, 0x0000000015ef0000)

Polling page: 0x0000000000980000

CodeCache: size=245760Kb used=8494Kb max_used=8494Kb free=237265Kb
 bounds [0x0000000002e20000, 0x0000000003670000, 0x0000000011e20000]
 total_blobs=2875 nmethods=2230 adapters=558
 compilation: enabled

Compilation events (10 events):
Event: 2.565 Thread 0x0000000016bee800 2241       3       sun.reflect.generics.parser.SignatureParser::make (8 bytes)
Event: 2.565 Thread 0x0000000016bee800 nmethod 2241 0x000000000366d850 code [0x000000000366d9c0, 0x000000000366dbf0]
Event: 2.565 Thread 0x0000000016bee800 2242       3       sun.reflect.generics.parser.SignatureParser::<init> (10 bytes)
Event: 2.565 Thread 0x0000000016bee800 nmethod 2242 0x000000000366dcd0 code [0x000000000366de20, 0x000000000366dfd0]
Event: 2.565 Thread 0x0000000016bee800 2243       3       org.gradle.api.internal.AbstractClassGenerator$PropertyMetaData::addGetter (29 bytes)
Event: 2.566 Thread 0x0000000016bee800 nmethod 2243 0x000000000366e090 code [0x000000000366e280, 0x000000000366ec28]
Event: 2.566 Thread 0x0000000016bee800 2244       1       com.google.common.collect.LinkedHashMultimap$ValueSet::access$000 (5 bytes)
Event: 2.566 Thread 0x0000000016bee800 nmethod 2244 0x000000000366f010 code [0x000000000366f160, 0x000000000366f250]
Event: 2.566 Thread 0x0000000016bee800 2245       3       org.objectweb.asm.Label::addReference (93 bytes)
Event: 2.566 Thread 0x0000000016bee800 nmethod 2245 0x000000000366f2d0 code [0x000000000366f440, 0x000000000366f888]

GC Heap History (10 events):
Event: 0.976 GC heap before
{Heap before GC invocations=2 (full 0):
 PSYoungGen      total 37888K, used 37080K [0x00000000e0000000, 0x00000000e2a00000, 0x0000000100000000)
  eden space 32768K, 100% used [0x00000000e0000000,0x00000000e2000000,0x00000000e2000000)
  from space 5120K, 84% used [0x00000000e2000000,0x00000000e2436290,0x00000000e2500000)
  to   space 5120K, 0% used [0x00000000e2500000,0x00000000e2500000,0x00000000e2a00000)
 ParOldGen       total 86016K, used 8K [0x00000000a0000000, 0x00000000a5400000, 0x00000000e0000000)
  object space 86016K, 0% used [0x00000000a0000000,0x00000000a0002000,0x00000000a5400000)
 Metaspace       used 12119K, capacity 12514K, committed 12544K, reserved 1060864K
  class space    used 1606K, capacity 1763K, committed 1792K, reserved 1048576K
Event: 0.981 GC heap after
Heap after GC invocations=2 (full 0):
 PSYoungGen      total 37888K, used 5109K [0x00000000e0000000, 0x00000000e2a00000, 0x0000000100000000)
  eden space 32768K, 0% used [0x00000000e0000000,0x00000000e0000000,0x00000000e2000000)
  from space 5120K, 99% used [0x00000000e2500000,0x00000000e29fd430,0x00000000e2a00000)
  to   space 5120K, 0% used [0x00000000e2000000,0x00000000e2000000,0x00000000e2500000)
 ParOldGen       total 86016K, used 1101K [0x00000000a0000000, 0x00000000a5400000, 0x00000000e0000000)
  object space 86016K, 1% used [0x00000000a0000000,0x00000000a01135b0,0x00000000a5400000)
 Metaspace       used 12119K, capacity 12514K, committed 12544K, reserved 1060864K
  class space    used 1606K, capacity 1763K, committed 1792K, reserved 1048576K
}
Event: 1.320 GC heap before
{Heap before GC invocations=3 (full 0):
 PSYoungGen      total 37888K, used 37877K [0x00000000e0000000, 0x00000000e2a00000, 0x0000000100000000)
  eden space 32768K, 100% used [0x00000000e0000000,0x00000000e2000000,0x00000000e2000000)
  from space 5120K, 99% used [0x00000000e2500000,0x00000000e29fd430,0x00000000e2a00000)
  to   space 5120K, 0% used [0x00000000e2000000,0x00000000e2000000,0x00000000e2500000)
 ParOldGen       total 86016K, used 1101K [0x00000000a0000000, 0x00000000a5400000, 0x00000000e0000000)
  object space 86016K, 1% used [0x00000000a0000000,0x00000000a01135b0,0x00000000a5400000)
 Metaspace       used 15319K, capacity 15718K, committed 15872K, reserved 1062912K
  class space    used 2158K, capacity 2277K, committed 2304K, reserved 1048576K
Event: 1.326 GC heap after
Heap after GC invocations=3 (full 0):
 PSYoungGen      total 37888K, used 5101K [0x00000000e0000000, 0x00000000e4a00000, 0x0000000100000000)
  eden space 32768K, 0% used [0x00000000e0000000,0x00000000e0000000,0x00000000e2000000)
  from space 5120K, 99% used [0x00000000e2000000,0x00000000e24fb5c8,0x00000000e2500000)
  to   space 5120K, 0% used [0x00000000e4500000,0x00000000e4500000,0x00000000e4a00000)
 ParOldGen       total 86016K, used 4074K [0x00000000a0000000, 0x00000000a5400000, 0x00000000e0000000)
  object space 86016K, 4% used [0x00000000a0000000,0x00000000a03fa968,0x00000000a5400000)
 Metaspace       used 15319K, capacity 15718K, committed 15872K, reserved 1062912K
  class space    used 2158K, capacity 2277K, committed 2304K, reserved 1048576K
}
Event: 1.739 GC heap before
{Heap before GC invocations=4 (full 0):
 PSYoungGen      total 37888K, used 33958K [0x00000000e0000000, 0x00000000e4a00000, 0x0000000100000000)
  eden space 32768K, 88% used [0x00000000e0000000,0x00000000e1c2e580,0x00000000e2000000)
  from space 5120K, 99% used [0x00000000e2000000,0x00000000e24fb5c8,0x00000000e2500000)
  to   space 5120K, 0% used [0x00000000e4500000,0x00000000e4500000,0x00000000e4a00000)
 ParOldGen       total 86016K, used 4074K [0x00000000a0000000, 0x00000000a5400000, 0x00000000e0000000)
  object space 86016K, 4% used [0x00000000a0000000,0x00000000a03fa968,0x00000000a5400000)
 Metaspace       used 20737K, capacity 21138K, committed 21248K, reserved 1067008K
  class space    used 2849K, capacity 3016K, committed 3072K, reserved 1048576K
Event: 1.748 GC heap after
Heap after GC invocations=4 (full 0):
 PSYoungGen      total 70656K, used 5096K [0x00000000e0000000, 0x00000000e4a00000, 0x0000000100000000)
  eden space 65536K, 0% used [0x00000000e0000000,0x00000000e0000000,0x00000000e4000000)
  from space 5120K, 99% used [0x00000000e4500000,0x00000000e49fa030,0x00000000e4a00000)
  to   space 5120K, 0% used [0x00000000e4000000,0x00000000e4000000,0x00000000e4500000)
 ParOldGen       total 86016K, used 8693K [0x00000000a0000000, 0x00000000a5400000, 0x00000000e0000000)
  object space 86016K, 10% used [0x00000000a0000000,0x00000000a087d4b8,0x00000000a5400000)
 Metaspace       used 20737K, capacity 21138K, committed 21248K, reserved 1067008K
  class space    used 2849K, capacity 3016K, committed 3072K, reserved 1048576K
}
Event: 1.748 GC heap before
{Heap before GC invocations=5 (full 1):
 PSYoungGen      total 70656K, used 5096K [0x00000000e0000000, 0x00000000e4a00000, 0x0000000100000000)
  eden space 65536K, 0% used [0x00000000e0000000,0x00000000e0000000,0x00000000e4000000)
  from space 5120K, 99% used [0x00000000e4500000,0x00000000e49fa030,0x00000000e4a00000)
  to   space 5120K, 0% used [0x00000000e4000000,0x00000000e4000000,0x00000000e4500000)
 ParOldGen       total 86016K, used 8693K [0x00000000a0000000, 0x00000000a5400000, 0x00000000e0000000)
  object space 86016K, 10% used [0x00000000a0000000,0x00000000a087d4b8,0x00000000a5400000)
 Metaspace       used 20737K, capacity 21138K, committed 21248K, reserved 1067008K
  class space    used 2849K, capacity 3016K, committed 3072K, reserved 1048576K
Event: 1.795 GC heap after
Heap after GC invocations=5 (full 1):
 PSYoungGen      total 70656K, used 0K [0x00000000e0000000, 0x00000000e4a00000, 0x0000000100000000)
  eden space 65536K, 0% used [0x00000000e0000000,0x00000000e0000000,0x00000000e4000000)
  from space 5120K, 0% used [0x00000000e4500000,0x00000000e4500000,0x00000000e4a00000)
  to   space 5120K, 0% used [0x00000000e4000000,0x00000000e4000000,0x00000000e4500000)
 ParOldGen       total 70144K, used 9423K [0x00000000a0000000, 0x00000000a4480000, 0x00000000e0000000)
  object space 70144K, 13% used [0x00000000a0000000,0x00000000a0933e38,0x00000000a4480000)
 Metaspace       used 20737K, capacity 21138K, committed 21248K, reserved 1067008K
  class space    used 2849K, capacity 3016K, committed 3072K, reserved 1048576K
}
Event: 2.399 GC heap before
{Heap before GC invocations=6 (full 1):
 PSYoungGen      total 70656K, used 65536K [0x00000000e0000000, 0x00000000e4a00000, 0x0000000100000000)
  eden space 65536K, 100% used [0x00000000e0000000,0x00000000e4000000,0x00000000e4000000)
  from space 5120K, 0% used [0x00000000e4500000,0x00000000e4500000,0x00000000e4a00000)
  to   space 5120K, 0% used [0x00000000e4000000,0x00000000e4000000,0x00000000e4500000)
 ParOldGen       total 70144K, used 9423K [0x00000000a0000000, 0x00000000a4480000, 0x00000000e0000000)
  object space 70144K, 13% used [0x00000000a0000000,0x00000000a0933e38,0x00000000a4480000)
 Metaspace       used 25908K, capacity 26376K, committed 26496K, reserved 1073152K
  class space    used 3530K, capacity 3652K, committed 3712K, reserved 1048576K
Event: 2.411 GC heap after
Heap after GC invocations=6 (full 1):
 PSYoungGen      total 70656K, used 5108K [0x00000000e0000000, 0x00000000e4a00000, 0x0000000100000000)
  eden space 65536K, 0% used [0x00000000e0000000,0x00000000e0000000,0x00000000e4000000)
  from space 5120K, 99% used [0x00000000e4000000,0x00000000e44fd3c8,0x00000000e4500000)
  to   space 5120K, 0% used [0x00000000e4500000,0x00000000e4500000,0x00000000e4a00000)
 ParOldGen       total 70144K, used 11362K [0x00000000a0000000, 0x00000000a4480000, 0x00000000e0000000)
  object space 70144K, 16% used [0x00000000a0000000,0x00000000a0b189d0,0x00000000a4480000)
 Metaspace       used 25908K, capacity 26376K, committed 26496K, reserved 1073152K
  class space    used 3530K, capacity 3652K, committed 3712K, reserved 1048576K
}

Deoptimization events (10 events):
Event: 2.033 Thread 0x000000001a765000 Uncommon trap: reason=unstable_if action=reinterpret pc=0x000000000324de64 method=java.util.HashMap.putVal(ILjava/lang/Object;Ljava/lang/Object;ZZ)Ljava/lang/Object; @ 85
Event: 2.067 Thread 0x000000001a765000 Uncommon trap: reason=class_check action=maybe_recompile pc=0x00000000033510c0 method=java.lang.reflect.Method.equals(Ljava/lang/Object;)Z @ 5
Event: 2.069 Thread 0x000000001a765000 Uncommon trap: reason=class_check action=maybe_recompile pc=0x00000000033510c0 method=java.lang.reflect.Method.equals(Ljava/lang/Object;)Z @ 5
Event: 2.118 Thread 0x000000001a765000 Uncommon trap: reason=unstable_if action=reinterpret pc=0x000000000309f5f0 method=java.util.LinkedHashMap.afterNodeInsertion(Z)V @ 1
Event: 2.132 Thread 0x000000001a765000 Uncommon trap: reason=class_check action=maybe_recompile pc=0x00000000033510c0 method=java.lang.reflect.Method.equals(Ljava/lang/Object;)Z @ 5
Event: 2.132 Thread 0x000000001a765000 Uncommon trap: reason=class_check action=maybe_recompile pc=0x00000000033510c0 method=java.lang.reflect.Method.equals(Ljava/lang/Object;)Z @ 5
Event: 2.289 Thread 0x000000001a765000 Uncommon trap: reason=unstable_if action=reinterpret pc=0x000000000309198c method=java.io.WinNTFileSystem.resolve(Ljava/lang/String;Ljava/lang/String;)Ljava/lang/String; @ 49
Event: 2.312 Thread 0x000000001a765000 Uncommon trap: reason=class_check action=maybe_recompile pc=0x00000000035acdf0 method=org.codehaus.groovy.runtime.metaclass.MetaMethodIndex.addMethodToList(Ljava/lang/Object;Lgroovy/lang/MetaMethod;)Ljava/lang/Object; @ 220
Event: 2.312 Thread 0x000000001a765000 Uncommon trap: reason=class_check action=maybe_recompile pc=0x00000000035acdf0 method=org.codehaus.groovy.runtime.metaclass.MetaMethodIndex.addMethodToList(Ljava/lang/Object;Lgroovy/lang/MetaMethod;)Ljava/lang/Object; @ 220
Event: 2.312 Thread 0x000000001a765000 Uncommon trap: reason=class_check action=maybe_recompile pc=0x00000000035acdf0 method=org.codehaus.groovy.runtime.metaclass.MetaMethodIndex.addMethodToList(Ljava/lang/Object;Lgroovy/lang/MetaMethod;)Ljava/lang/Object; @ 220

Classes redefined (0 events):
No events

Internal exceptions (10 events):
Event: 2.318 Thread 0x000000001a765000 Exception <a 'java/lang/ClassNotFoundException': org/gradle/api/internal/DefaultDomainObjectCollectionCustomizer> (0x00000000e39706f0) thrown at [D:\src\AOSP-openjdk-cygwin\jdk8u\hotspot\src\share\vm\classfile\systemDictionary.cpp, line 210]
Event: 2.321 Thread 0x000000001a765000 Exception <a 'java/lang/ClassNotFoundException': org/gradle/api/internal/DefaultNamedDomainObjectCollectionCustomizer> (0x00000000e39c1150) thrown at [D:\src\AOSP-openjdk-cygwin\jdk8u\hotspot\src\share\vm\classfile\systemDictionary.cpp, line 210]
Event: 2.323 Thread 0x000000001a765000 Exception <a 'java/lang/ClassNotFoundException': org/gradle/api/internal/DefaultNamedDomainObjectListCustomizer> (0x00000000e3a13aa0) thrown at [D:\src\AOSP-openjdk-cygwin\jdk8u\hotspot\src\share\vm\classfile\systemDictionary.cpp, line 210]
Event: 2.327 Thread 0x000000001a765000 Exception <a 'java/lang/ClassNotFoundException': org/gradle/api/internal/artifacts/DefaultArtifactRepositoryContainerCustomizer> (0x00000000e3a78b68) thrown at [D:\src\AOSP-openjdk-cygwin\jdk8u\hotspot\src\share\vm\classfile\systemDictionary.cpp, line 210
Event: 2.329 Thread 0x000000001a765000 Exception <a 'java/lang/ClassNotFoundException': org/gradle/api/internal/artifacts/dsl/DefaultRepositoryHandlerCustomizer> (0x00000000e3ad0a28) thrown at [D:\src\AOSP-openjdk-cygwin\jdk8u\hotspot\src\share\vm\classfile\systemDictionary.cpp, line 210]
Event: 2.332 Thread 0x000000001a765000 Exception <a 'java/lang/ClassNotFoundException': org/gradle/api/internal/artifacts/dsl/DefaultRepositoryHandler_DecoratedCustomizer> (0x00000000e3b2ff08) thrown at [D:\src\AOSP-openjdk-cygwin\jdk8u\hotspot\src\share\vm\classfile\systemDictionary.cpp, line
Event: 2.533 Thread 0x000000001a765000 Exception <a 'java/lang/ClassNotFoundException': org/gradle/api/internal/artifacts/dsl/dependencies/DefaultDependencyHandler_DecoratedBeanInfo> (0x00000000e0b88b88) thrown at [D:\src\AOSP-openjdk-cygwin\jdk8u\hotspot\src\share\vm\classfile\systemDictionar
Event: 2.534 Thread 0x000000001a765000 Exception <a 'java/lang/ClassNotFoundException': org/gradle/api/internal/artifacts/dsl/dependencies/DefaultDependencyHandlerBeanInfo> (0x00000000e0bcb578) thrown at [D:\src\AOSP-openjdk-cygwin\jdk8u\hotspot\src\share\vm\classfile\systemDictionary.cpp, lin
Event: 2.535 Thread 0x000000001a765000 Exception <a 'java/lang/ClassNotFoundException': org/gradle/api/internal/artifacts/dsl/dependencies/DefaultDependencyHandlerCustomizer> (0x00000000e0c0ea98) thrown at [D:\src\AOSP-openjdk-cygwin\jdk8u\hotspot\src\share\vm\classfile\systemDictionary.cpp, l
Event: 2.537 Thread 0x000000001a765000 Exception <a 'java/lang/ClassNotFoundException': org/gradle/api/internal/artifacts/dsl/dependencies/DefaultDependencyHandler_DecoratedCustomizer> (0x00000000e0c75700) thrown at [D:\src\AOSP-openjdk-cygwin\jdk8u\hotspot\src\share\vm\classfile\systemDiction

Events (10 events):
Event: 2.581 loading class org/gradle/api/internal/artifacts/ivyservice/ivyresolve/ResolveIvyFactory$ParentModuleLookupResolver done
Event: 2.582 loading class com/google/common/io/FileWriteMode
Event: 2.582 loading class com/google/common/io/FileWriteMode done
Event: 2.582 loading class com/google/common/io/ByteSink$AsCharSink
Event: 2.582 loading class com/google/common/io/ByteSink$AsCharSink done
Event: 2.583 loading class org/apache/commons/io/FileUtils
Event: 2.583 loading class org/apache/commons/io/FileUtils done
Event: 2.586 loading class org/apache/commons/io/FileExistsException
Event: 2.586 loading class org/apache/commons/io/FileExistsException done
Event: 2.586 loading class java/util/zip/CheckedInputStream


Dynamic libraries:
0x00007ff6ffb00000 - 0x00007ff6ffb31000 	F:\android-studio\jre\bin\java.exe
0x00007ffd8ec00000 - 0x00007ffd8ede1000 	C:\WINDOWS\SYSTEM32\ntdll.dll
0x00007ffd8d6a0000 - 0x00007ffd8d752000 	C:\WINDOWS\System32\KERNEL32.DLL
0x00007ffd8bd70000 - 0x00007ffd8bfe3000 	C:\WINDOWS\System32\KERNELBASE.dll
0x00007ffd8d0c0000 - 0x00007ffd8d161000 	C:\WINDOWS\System32\ADVAPI32.dll
0x00007ffd8cfb0000 - 0x00007ffd8d04e000 	C:\WINDOWS\System32\msvcrt.dll
0x00007ffd8d170000 - 0x00007ffd8d1cb000 	C:\WINDOWS\System32\sechost.dll
0x00007ffd8d3a0000 - 0x00007ffd8d4c4000 	C:\WINDOWS\System32\RPCRT4.dll
0x00007ffd8d500000 - 0x00007ffd8d690000 	C:\WINDOWS\System32\USER32.dll
0x00007ffd8b030000 - 0x00007ffd8b050000 	C:\WINDOWS\System32\win32u.dll
0x00007ffd8d4d0000 - 0x00007ffd8d4f8000 	C:\WINDOWS\System32\GDI32.dll
0x00007ffd8b760000 - 0x00007ffd8b8f2000 	C:\WINDOWS\System32\gdi32full.dll
0x00007ffd8bff0000 - 0x00007ffd8c08f000 	C:\WINDOWS\System32\msvcp_win.dll
0x00007ffd8bb70000 - 0x00007ffd8bc6a000 	C:\WINDOWS\System32\ucrtbase.dll
0x00007ffd7d8b0000 - 0x00007ffd7db19000 	C:\WINDOWS\WinSxS\amd64_microsoft.windows.common-controls_6595b64144ccf1df_6.0.17134.286_none_fb43982d306480cc\COMCTL32.dll
0x00007ffd8c310000 - 0x00007ffd8c633000 	C:\WINDOWS\System32\combase.dll
0x00007ffd8baf0000 - 0x00007ffd8bb6a000 	C:\WINDOWS\System32\bcryptPrimitives.dll
0x00007ffd8d760000 - 0x00007ffd8d78d000 	C:\WINDOWS\System32\IMM32.DLL
0x0000000060e10000 - 0x0000000060ee2000 	F:\android-studio\jre\jre\bin\msvcr100.dll
0x00000000605c0000 - 0x0000000060e01000 	F:\android-studio\jre\jre\bin\server\jvm.dll
0x00007ffd8c790000 - 0x00007ffd8c798000 	C:\WINDOWS\System32\PSAPI.DLL
0x00007ffd891d0000 - 0x00007ffd891d9000 	C:\WINDOWS\SYSTEM32\WSOCK32.dll
0x00007ffd89170000 - 0x00007ffd89193000 	C:\WINDOWS\SYSTEM32\WINMM.dll
0x00007ffd7f540000 - 0x00007ffd7f54a000 	C:\WINDOWS\SYSTEM32\VERSION.dll
0x00007ffd8d050000 - 0x00007ffd8d0bc000 	C:\WINDOWS\System32\WS2_32.dll
0x00007ffd89050000 - 0x00007ffd8907a000 	C:\WINDOWS\SYSTEM32\WINMMBASE.dll
0x00007ffd8bd20000 - 0x00007ffd8bd69000 	C:\WINDOWS\System32\cfgmgr32.dll
0x00007ffd87630000 - 0x00007ffd8763f000 	F:\android-studio\jre\jre\bin\verify.dll
0x00007ffd76c20000 - 0x00007ffd76c49000 	F:\android-studio\jre\jre\bin\java.dll
0x00007ffd819a0000 - 0x00007ffd819b6000 	F:\android-studio\jre\jre\bin\zip.dll
0x00007ffd8d790000 - 0x00007ffd8ebd0000 	C:\WINDOWS\System32\SHELL32.dll
0x00007ffd8c640000 - 0x00007ffd8c6e9000 	C:\WINDOWS\System32\shcore.dll
0x00007ffd8b050000 - 0x00007ffd8b75d000 	C:\WINDOWS\System32\windows.storage.dll
0x00007ffd8d1d0000 - 0x00007ffd8d221000 	C:\WINDOWS\System32\shlwapi.dll
0x00007ffd8af10000 - 0x00007ffd8af21000 	C:\WINDOWS\System32\kernel.appcore.dll
0x00007ffd8af90000 - 0x00007ffd8afaf000 	C:\WINDOWS\System32\profapi.dll
0x00007ffd8af30000 - 0x00007ffd8af7c000 	C:\WINDOWS\System32\powrprof.dll
0x00007ffd8af80000 - 0x00007ffd8af8a000 	C:\WINDOWS\System32\FLTLIB.DLL
0x00007ffd76100000 - 0x00007ffd7611a000 	F:\android-studio\jre\jre\bin\net.dll
0x00007ffd8a730000 - 0x00007ffd8a796000 	C:\WINDOWS\system32\mswsock.dll
0x00007ffd72670000 - 0x00007ffd72681000 	F:\android-studio\jre\jre\bin\nio.dll
0x00007ffd6d550000 - 0x00007ffd6d56e000 	C:\Users\Administrator\.gradle\native\25\windows-amd64\native-platform.dll
0x00007ffd87600000 - 0x00007ffd8760d000 	F:\android-studio\jre\jre\bin\management.dll
0x00007ffd8a940000 - 0x00007ffd8a957000 	C:\WINDOWS\SYSTEM32\CRYPTSP.dll
0x00007ffd8a310000 - 0x00007ffd8a343000 	C:\WINDOWS\system32\rsaenh.dll
0x00007ffd8aa70000 - 0x00007ffd8aa95000 	C:\WINDOWS\SYSTEM32\bcrypt.dll
0x00007ffd8ae40000 - 0x00007ffd8ae68000 	C:\WINDOWS\SYSTEM32\USERENV.dll
0x00007ffd8a960000 - 0x00007ffd8a96b000 	C:\WINDOWS\SYSTEM32\CRYPTBASE.dll
0x00007ffd8a4b0000 - 0x00007ffd8a4e8000 	C:\WINDOWS\SYSTEM32\IPHLPAPI.DLL
0x00007ffd8d690000 - 0x00007ffd8d698000 	C:\WINDOWS\System32\NSI.dll
0x00007ffd866e0000 - 0x00007ffd866f6000 	C:\WINDOWS\SYSTEM32\dhcpcsvc6.DLL
0x00007ffd868a0000 - 0x00007ffd868ba000 	C:\WINDOWS\SYSTEM32\dhcpcsvc.DLL

VM Arguments:
jvm_args: -Xmx1536M -Dfile.encoding=GBK -Duser.country=CN -Duser.language=zh -Duser.variant 
java_command: org.gradle.launcher.daemon.bootstrap.GradleDaemon 4.1
java_class_path (initial): C:\Users\Administrator\.gradle\wrapper\dists\gradle-4.1-all\bzyivzo6n839fup2jbap0tjew\gradle-4.1\lib\gradle-launcher-4.1.jar
Launcher Type: SUN_STANDARD

Environment Variables:
JAVA_HOME=F:\android-studio\jre
CLASSPATH=F:\Flutter_Work\flutter_starplanforparents\android\\gradle\wrapper\gradle-wrapper.jar
PATH=C:\WINDOWS\system32;C:\WINDOWS;C:\WINDOWS\System32\Wbem;C:\WINDOWS\System32\WindowsPowerShell\v1.0\;D:\Git\cmd;.;D:\Java\jdk1.8.0_91\lib\dt.jar;D:\Java\jdk1.8.0_91\lib\tools.jar;D:\Java\jdk1.8.0_91\bin;E:\android\android-sdk\platform-tools;E:\android\android-sdk\tools;F:\flutter\flutter\bin;F:\TortoiseSVN\bin;F:\tom9\bin;F:\tom9\lib;F:\mysql-8.0.11-winx64\bin;F:\MinGW\bin;C:\WINDOWS\System32\OpenSSH\;C:\ProgramData\chocolatey\bin;C:\Program Files\nodejs\;F:\Microsoft VS Code\bin;F:\Python\Python36\Scripts\;F:\Python\Python36\;C:\Users\Administrator\AppData\Local\Microsoft\WindowsApps;;F:\Microsoft VS Code\bin;C:\Users\Administrator\AppData\Roaming\npm
USERNAME=Administrator
OS=Windows_NT
PROCESSOR_IDENTIFIER=Intel64 Family 6 Model 60 Stepping 3, GenuineIntel



---------------  S Y S T E M  ---------------

OS: Windows 10.0 , 64 bit Build 17134 (10.0.17134.1)

CPU:total 8 (initial active 8) (4 cores per cpu, 2 threads per core) family 6 model 60 stepping 3, cmov, cx8, fxsr, mmx, sse, sse2, sse3, ssse3, sse4.1, sse4.2, popcnt, avx, avx2, aes, clmul, erms, lzcnt, ht, tsc, tscinvbit, bmi1, bmi2

Memory: 4k page, physical 8248304k(1011416k free), swap 8248304k(8204k free)

vm_info: OpenJDK 64-Bit Server VM (25.152-b06) for windows-amd64 JRE (1.8.0_152-release-1136-b06), built by "builder" with MS VC++ 10.0 (VS2010)

time: Thu Oct 11 14:11:49 2018
elapsed time: 2 seconds (0d 0h 0m 2s)

